<?xml version="1.0" encoding="UTF-8"?>
<testsuite xmlns:xsi="http://www.w3.org/2001/XMLSchema-instance" xsi:noNamespaceSchemaLocation="https://maven.apache.org/surefire/maven-surefire-plugin/xsd/surefire-test-report-3.0.xsd" version="3.0" name="TestSuite" time="66.081" tests="10" errors="0" skipped="0" failures="0">
  <properties>
[...]
</properties>
  <testcase name="runScenario[&quot;Login with valid credentials&quot;, &quot;SauceDemo End-to-End Tests&quot;](1)" classname="runners.TestRunner" time="8.955">
    <system-out><![CDATA[
Scenario: Login with valid credentials                                   # src/test/resources/features/SauceDemo.feature:3
  Given I open the saucedemo login page                                  # stepDefinitions.SauceDemoSteps.i_open_the_saucedemo_login_page()
  When I login with username "standard_user" and password "secret_sauce" # stepDefinitions.SauceDemoSteps.i_login_with_username_and_password(java.lang.String,java.lang.String)
  Then I should land on the products page                                # stepDefinitions.SauceDemoSteps.i_should_land_on_the_products_page()
]]></system-out>
    <system-err><![CDATA[SLF4J: Failed to load class "org.slf4j.impl.StaticLoggerBinder".
SLF4J: Defaulting to no-operation (NOP) logger implementation
SLF4J: See http://www.slf4j.org/codes.html#StaticLoggerBinder for further details.
Sep 07, 2025 11:47:31 AM org.openqa.selenium.devtools.CdpVersionFinder findNearestMatch
WARNING: Unable to find CDP implementation matching 139
Sep 07, 2025 11:47:31 AM org.openqa.selenium.chromium.ChromiumDriver lambda$new$5
WARNING: Unable to find version of CDP to use for 139.0.7258.155. You may need to include a dependency on a specific version of the CDP using something similar to `org.seleniumhq.selenium:selenium-devtools-v86:4.24.0` where the version ("v86") matches the version of the chromium-based browser you're using and the version number of the artifact is the same as Selenium's.
]]></system-err>
  </testcase>
  <testcase name="runScenario[&quot;Login with invalid credentials&quot;, &quot;SauceDemo End-to-End Tests&quot;](2)" classname="runners.TestRunner" time="4.996">
    <system-out><![CDATA[
Scenario: Login with invalid credentials                                                                         # src/test/resources/features/SauceDemo.feature:8
  Given I open the saucedemo login page                                                                          # stepDefinitions.SauceDemoSteps.i_open_the_saucedemo_login_page()
  When I login with username "invalid_user" and password "wrong_pass"                                            # stepDefinitions.SauceDemoSteps.i_login_with_username_and_password(java.lang.String,java.lang.String)
  Then I should see an error message "Epic sadface: Username and password do not match any user in this service" # stepDefinitions.SauceDemoSteps.i_should_see_an_error_message(java.lang.String)
]]></system-out>
    <system-err><![CDATA[Sep 07, 2025 11:47:37 AM org.openqa.selenium.devtools.CdpVersionFinder findNearestMatch
WARNING: Unable to find CDP implementation matching 139
Sep 07, 2025 11:47:37 AM org.openqa.selenium.chromium.ChromiumDriver lambda$new$5
WARNING: Unable to find version of CDP to use for 139.0.7258.155. You may need to include a dependency on a specific version of the CDP using something similar to `org.seleniumhq.selenium:selenium-devtools-v86:4.24.0` where the version ("v86") matches the version of the chromium-based browser you're using and the version number of the artifact is the same as Selenium's.
]]></system-err>
  </testcase>
  <testcase name="runScenario[&quot;Login with locked out user&quot;, &quot;SauceDemo End-to-End Tests&quot;](3)" classname="runners.TestRunner" time="4.305">
    <system-out><![CDATA[
Scenario: Login with locked out user                                                       # src/test/resources/features/SauceDemo.feature:13
  Given I open the saucedemo login page                                                    # stepDefinitions.SauceDemoSteps.i_open_the_saucedemo_login_page()
  When I login with username "locked_out_user" and password "secret_sauce"                 # stepDefinitions.SauceDemoSteps.i_login_with_username_and_password(java.lang.String,java.lang.String)
  Then I should see an error message "Epic sadface: Sorry, this user has been locked out." # stepDefinitions.SauceDemoSteps.i_should_see_an_error_message(java.lang.String)
]]></system-out>
    <system-err><![CDATA[Sep 07, 2025 11:47:42 AM org.openqa.selenium.devtools.CdpVersionFinder findNearestMatch
WARNING: Unable to find CDP implementation matching 139
Sep 07, 2025 11:47:42 AM org.openqa.selenium.chromium.ChromiumDriver lambda$new$5
WARNING: Unable to find version of CDP to use for 139.0.7258.155. You may need to include a dependency on a specific version of the CDP using something similar to `org.seleniumhq.selenium:selenium-devtools-v86:4.24.0` where the version ("v86") matches the version of the chromium-based browser you're using and the version number of the artifact is the same as Selenium's.
]]></system-err>
  </testcase>
  <testcase name="runScenario[&quot;Logout after login&quot;, &quot;SauceDemo End-to-End Tests&quot;](4)" classname="runners.TestRunner" time="5.88">
    <system-out><![CDATA[
Scenario: Logout after login                                           # src/test/resources/features/SauceDemo.feature:18
  Given I am logged in as "standard_user" with password "secret_sauce" # stepDefinitions.SauceDemoSteps.i_am_logged_in_as_with_password(java.lang.String,java.lang.String)
  When I logout from the menu                                          # stepDefinitions.SauceDemoSteps.i_logout_from_the_menu()
  Then I should be redirected to login page                            # stepDefinitions.SauceDemoSteps.i_should_be_redirected_to_login_page()
]]></system-out>
    <system-err><![CDATA[Sep 07, 2025 11:47:47 AM org.openqa.selenium.devtools.CdpVersionFinder findNearestMatch
WARNING: Unable to find CDP implementation matching 139
Sep 07, 2025 11:47:47 AM org.openqa.selenium.chromium.ChromiumDriver lambda$new$5
WARNING: Unable to find version of CDP to use for 139.0.7258.155. You may need to include a dependency on a specific version of the CDP using something similar to `org.seleniumhq.selenium:selenium-devtools-v86:4.24.0` where the version ("v86") matches the version of the chromium-based browser you're using and the version number of the artifact is the same as Selenium's.
]]></system-err>
  </testcase>
  <testcase name="runScenario[&quot;Add single product to cart&quot;, &quot;SauceDemo End-to-End Tests&quot;](5)" classname="runners.TestRunner" time="4.603">
    <system-out><![CDATA[
Scenario: Add single product to cart                                   # src/test/resources/features/SauceDemo.feature:23
  Given I am logged in as "standard_user" with password "secret_sauce" # stepDefinitions.SauceDemoSteps.i_am_logged_in_as_with_password(java.lang.String,java.lang.String)
  When I add product "Sauce Labs Backpack" to the cart                 # stepDefinitions.SauceDemoSteps.i_add_product_to_the_cart(java.lang.String)
  Then the cart badge should show "1"                                  # stepDefinitions.SauceDemoSteps.the_cart_badge_should_show(java.lang.String)
]]></system-out>
    <system-err><![CDATA[Sep 07, 2025 11:47:52 AM org.openqa.selenium.devtools.CdpVersionFinder findNearestMatch
WARNING: Unable to find CDP implementation matching 139
Sep 07, 2025 11:47:52 AM org.openqa.selenium.chromium.ChromiumDriver lambda$new$5
WARNING: Unable to find version of CDP to use for 139.0.7258.155. You may need to include a dependency on a specific version of the CDP using something similar to `org.seleniumhq.selenium:selenium-devtools-v86:4.24.0` where the version ("v86") matches the version of the chromium-based browser you're using and the version number of the artifact is the same as Selenium's.
]]></system-err>
  </testcase>
  <testcase name="runScenario[&quot;Add multiple products to cart&quot;, &quot;SauceDemo End-to-End Tests&quot;](6)" classname="runners.TestRunner" time="4.634">
    <system-out><![CDATA[
Scenario: Add multiple products to cart                                # src/test/resources/features/SauceDemo.feature:28
  Given I am logged in as "standard_user" with password "secret_sauce" # stepDefinitions.SauceDemoSteps.i_am_logged_in_as_with_password(java.lang.String,java.lang.String)
  When I add product "Sauce Labs Backpack" to the cart                 # stepDefinitions.SauceDemoSteps.i_add_product_to_the_cart(java.lang.String)
  And I add product "Sauce Labs Bike Light" to the cart                # stepDefinitions.SauceDemoSteps.i_add_product_to_the_cart(java.lang.String)
  Then the cart badge should show "2"                                  # stepDefinitions.SauceDemoSteps.the_cart_badge_should_show(java.lang.String)
]]></system-out>
    <system-err><![CDATA[Sep 07, 2025 11:47:57 AM org.openqa.selenium.devtools.CdpVersionFinder findNearestMatch
WARNING: Unable to find CDP implementation matching 139
Sep 07, 2025 11:47:57 AM org.openqa.selenium.chromium.ChromiumDriver lambda$new$5
WARNING: Unable to find version of CDP to use for 139.0.7258.155. You may need to include a dependency on a specific version of the CDP using something similar to `org.seleniumhq.selenium:selenium-devtools-v86:4.24.0` where the version ("v86") matches the version of the chromium-based browser you're using and the version number of the artifact is the same as Selenium's.
]]></system-err>
  </testcase>
  <testcase name="runScenario[&quot;Remove product from cart&quot;, &quot;SauceDemo End-to-End Tests&quot;](7)" classname="runners.TestRunner" time="14.539">
    <system-out><![CDATA[
Scenario: Remove product from cart                                     # src/test/resources/features/SauceDemo.feature:34
  Given I am logged in as "standard_user" with password "secret_sauce" # stepDefinitions.SauceDemoSteps.i_am_logged_in_as_with_password(java.lang.String,java.lang.String)
  And I add product "Sauce Labs Backpack" to the cart                  # stepDefinitions.SauceDemoSteps.i_add_product_to_the_cart(java.lang.String)
  When I remove product "Sauce Labs Backpack" from the cart            # stepDefinitions.SauceDemoSteps.i_remove_product_from_the_cart(java.lang.String)
  Then the cart badge should not be visible                            # stepDefinitions.SauceDemoSteps.the_cart_badge_should_not_be_visible()
]]></system-out>
    <system-err><![CDATA[Sep 07, 2025 11:48:02 AM org.openqa.selenium.devtools.CdpVersionFinder findNearestMatch
WARNING: Unable to find CDP implementation matching 139
Sep 07, 2025 11:48:02 AM org.openqa.selenium.chromium.ChromiumDriver lambda$new$5
WARNING: Unable to find version of CDP to use for 139.0.7258.155. You may need to include a dependency on a specific version of the CDP using something similar to `org.seleniumhq.selenium:selenium-devtools-v86:4.24.0` where the version ("v86") matches the version of the chromium-based browser you're using and the version number of the artifact is the same as Selenium's.
]]></system-err>
  </testcase>
  <testcase name="runScenario[&quot;Checkout complete order&quot;, &quot;SauceDemo End-to-End Tests&quot;](8)" classname="runners.TestRunner" time="6.572">
    <system-out><![CDATA[
Scenario: Checkout complete order                                            # src/test/resources/features/SauceDemo.feature:40
  Given I am logged in as "standard_user" with password "secret_sauce"       # stepDefinitions.SauceDemoSteps.i_am_logged_in_as_with_password(java.lang.String,java.lang.String)
  And I add product "Sauce Labs Backpack" to the cart                        # stepDefinitions.SauceDemoSteps.i_add_product_to_the_cart(java.lang.String)
  When I checkout with first name "John" last name "Doe" postal code "12345" # stepDefinitions.SauceDemoSteps.i_checkout_with_first_name_last_name_postal_code(java.lang.String,java.lang.String,java.lang.String)
  Then I should see a confirmation message "THANK YOU FOR YOUR ORDER"        # stepDefinitions.SauceDemoSteps.i_should_see_a_confirmation_message(java.lang.String)
]]></system-out>
    <system-err><![CDATA[Sep 07, 2025 11:48:17 AM org.openqa.selenium.devtools.CdpVersionFinder findNearestMatch
WARNING: Unable to find CDP implementation matching 139
Sep 07, 2025 11:48:17 AM org.openqa.selenium.chromium.ChromiumDriver lambda$new$5
WARNING: Unable to find version of CDP to use for 139.0.7258.155. You may need to include a dependency on a specific version of the CDP using something similar to `org.seleniumhq.selenium:selenium-devtools-v86:4.24.0` where the version ("v86") matches the version of the chromium-based browser you're using and the version number of the artifact is the same as Selenium's.
]]></system-err>
  </testcase>
  <testcase name="runScenario[&quot;Sort products by Price low to high&quot;, &quot;SauceDemo End-to-End Tests&quot;](9)" classname="runners.TestRunner" time="4.842">
    <system-out><![CDATA[
Scenario: Sort products by Price low to high                           # src/test/resources/features/SauceDemo.feature:46
  Given I am logged in as "standard_user" with password "secret_sauce" # stepDefinitions.SauceDemoSteps.i_am_logged_in_as_with_password(java.lang.String,java.lang.String)
  When I sort products by "Price (low to high)"                        # stepDefinitions.SauceDemoSteps.i_sort_products_by(java.lang.String)
  Then the first product price should be lowest                        # stepDefinitions.SauceDemoSteps.the_first_product_price_should_be_lowest()
]]></system-out>
    <system-err><![CDATA[Sep 07, 2025 11:48:23 AM org.openqa.selenium.devtools.CdpVersionFinder findNearestMatch
WARNING: Unable to find CDP implementation matching 139
Sep 07, 2025 11:48:23 AM org.openqa.selenium.chromium.ChromiumDriver lambda$new$5
WARNING: Unable to find version of CDP to use for 139.0.7258.155. You may need to include a dependency on a specific version of the CDP using something similar to `org.seleniumhq.selenium:selenium-devtools-v86:4.24.0` where the version ("v86") matches the version of the chromium-based browser you're using and the version number of the artifact is the same as Selenium's.
]]></system-err>
  </testcase>
  <testcase name="runScenario[&quot;Product details page navigation&quot;, &quot;SauceDemo End-to-End Tests&quot;](10)" classname="runners.TestRunner" time="4.928">
    <system-out><![CDATA[
Scenario: Product details page navigation                              # src/test/resources/features/SauceDemo.feature:51
  Given I am logged in as "standard_user" with password "secret_sauce" # stepDefinitions.SauceDemoSteps.i_am_logged_in_as_with_password(java.lang.String,java.lang.String)
  When I open the product details for "Sauce Labs Backpack"            # stepDefinitions.SauceDemoSteps.i_open_the_product_details_for(java.lang.String)
  Then the product page should show title "Sauce Labs Backpack"        # stepDefinitions.SauceDemoSteps.the_product_page_should_show_title(java.lang.String)
]]></system-out>
    <system-err><![CDATA[Sep 07, 2025 11:48:28 AM org.openqa.selenium.devtools.CdpVersionFinder findNearestMatch
WARNING: Unable to find CDP implementation matching 139
Sep 07, 2025 11:48:28 AM org.openqa.selenium.chromium.ChromiumDriver lambda$new$5
WARNING: Unable to find version of CDP to use for 139.0.7258.155. You may need to include a dependency on a specific version of the CDP using something similar to `org.seleniumhq.selenium:selenium-devtools-v86:4.24.0` where the version ("v86") matches the version of the chromium-based browser you're using and the version number of the artifact is the same as Selenium's.
]]></system-err>
  </testcase>
</testsuite>